Log file open, 05/04/19 15:20:03
LogWindows: Failed to load 'aqProf.dll' (GetLastError=126)
LogWindows: File 'aqProf.dll' does not exist
LogWindows: Failed to load 'VtuneApi.dll' (GetLastError=126)
LogWindows: File 'VtuneApi.dll' does not exist
LogWindows: Failed to load 'VtuneApi32e.dll' (GetLastError=126)
LogWindows: File 'VtuneApi32e.dll' does not exist
LogConsoleResponse: Display: Failed to find resolution value strings in scalability ini. Falling back to default.
LogInit: Display: Running engine for game: csci4611landscape
LogPakFile: Registered encryption key '00000000000000000000000000000000': 0 pak files mounted, 0 remain pending
LogPlatformFile: Not using cached read wrapper
LogTaskGraph: Started task graph with 5 named threads and 71 total threads with 3 sets of task threads.
LogStats: Stats thread started at 0.901333
LogD3D11RHI: Loaded GFSDK_Aftermath_Lib.x64.dll
LogICUInternationalization: ICU TimeZone Detection - Raw Offset: -6:00, Platform Override: ''
LogPluginManager: Mounting plugin Paper2D
LogPluginManager: Mounting plugin AISupport
LogPluginManager: Mounting plugin LightPropagationVolume
LogPluginManager: Mounting plugin ActorLayerUtilities
LogPluginManager: Mounting plugin AnimationSharing
LogPluginManager: Mounting plugin CLionSourceCodeAccess
LogPluginManager: Mounting plugin CodeLiteSourceCodeAccess
LogPluginManager: Mounting plugin GitSourceControl
LogPluginManager: Mounting plugin KDevelopSourceCodeAccess
LogPluginManager: Mounting plugin NullSourceCodeAccess
LogPluginManager: Mounting plugin PerforceSourceControl
LogPluginManager: Mounting plugin SubversionSourceControl
LogPluginManager: Mounting plugin UObjectPlugin
LogPluginManager: Mounting plugin VisualStudioCodeSourceCodeAccess
LogPluginManager: Mounting plugin VisualStudioSourceCodeAccess
LogPluginManager: Mounting plugin XCodeSourceCodeAccess
LogPluginManager: Mounting plugin AssetManagerEditor
LogPluginManager: Mounting plugin CryptoKeys
LogPluginManager: Mounting plugin DataValidation
LogPluginManager: Mounting plugin FacialAnimation
LogPluginManager: Mounting plugin GameplayTagsEditor
LogPluginManager: Mounting plugin MacGraphicsSwitching
LogPluginManager: Mounting plugin MaterialAnalyzer
LogPluginManager: Mounting plugin MobileLauncherProfileWizard
LogPluginManager: Mounting plugin PluginBrowser
LogPluginManager: Mounting plugin SpeedTreeImporter
LogPluginManager: Mounting plugin DatasmithContent
LogPluginManager: Mounting plugin VariantManagerContent
LogPluginManager: Mounting plugin AlembicImporter
LogPluginManager: Mounting plugin AppleImageUtils
LogPluginManager: Mounting plugin AppleVision
LogPluginManager: Mounting plugin BackChannel
LogPluginManager: Mounting plugin CharacterAI
LogPluginManager: Mounting plugin GeometryCache
LogPluginManager: Mounting plugin HTML5Networking
LogPluginManager: Mounting plugin ProxyLODPlugin
LogPluginManager: Mounting plugin SkeletalReduction
LogPluginManager: Mounting plugin MagicLeap
LogPluginManager: Mounting plugin MagicLeapMedia
LogPluginManager: Mounting plugin AndroidMedia
LogPluginManager: Mounting plugin AvfMedia
LogPluginManager: Mounting plugin ImgMedia
LogPluginManager: Mounting plugin LinearTimecode
LogPluginManager: Mounting plugin MediaCompositing
LogPluginManager: Mounting plugin MediaPlayerEditor
LogPluginManager: Mounting plugin WebMMedia
LogPluginManager: Mounting plugin WmfMedia
LogPluginManager: Mounting plugin TcpMessaging
LogPluginManager: Mounting plugin UdpMessaging
LogPluginManager: Mounting plugin ActorSequence
LogPluginManager: Mounting plugin LevelSequenceEditor
LogPluginManager: Mounting plugin MatineeToLevelSequence
LogPluginManager: Mounting plugin NetcodeUnitTest
LogPluginManager: Mounting plugin NUTUnrealEngine4
LogPluginManager: Mounting plugin OnlineSubsystemGooglePlay
LogPluginManager: Mounting plugin OnlineSubsystemIOS
LogPluginManager: Mounting plugin OnlineSubsystem
LogPluginManager: Mounting plugin OnlineSubsystemNull
LogPluginManager: Mounting plugin OnlineSubsystemUtils
LogPluginManager: Mounting plugin LauncherChunkInstaller
LogPluginManager: Mounting plugin AndroidDeviceProfileSelector
LogPluginManager: Mounting plugin AndroidMoviePlayer
LogPluginManager: Mounting plugin AndroidPermission
LogPluginManager: Mounting plugin AppleMoviePlayer
LogPluginManager: Mounting plugin ArchVisCharacter
LogPluginManager: Mounting plugin AudioCapture
LogPluginManager: Mounting plugin CableComponent
LogPluginManager: Mounting plugin CustomMeshComponent
LogPluginManager: Mounting plugin EditableMesh
LogPluginManager: Mounting plugin ExampleDeviceProfileSelector
LogPluginManager: Mounting plugin Firebase
LogPluginManager: Mounting plugin GoogleCloudMessaging
LogPluginManager: Mounting plugin IOSDeviceProfileSelector
LogPluginManager: Mounting plugin LinuxDeviceProfileSelector
LogPluginManager: Mounting plugin LocationServicesBPLibrary
LogPluginManager: Mounting plugin MobilePatchingUtils
LogPluginManager: Mounting plugin OculusVR
LogPluginManager: Mounting plugin PhysXVehicles
LogPluginManager: Mounting plugin ProceduralMeshComponent
LogPluginManager: Mounting plugin RuntimePhysXCooking
LogPluginManager: Mounting plugin SignificanceManager
LogPluginManager: Mounting plugin SteamVR
LogPluginManager: Mounting plugin WebMMoviePlayer
LogPluginManager: Mounting plugin WindowsMoviePlayer
LogInit: Using libcurl 7.55.1-DEV
LogInit:  - built for x86_64-pc-win32
LogInit:  - supports SSL with OpenSSL/1.1.1
LogInit:  - supports HTTP deflate (compression) using libz 1.2.8
LogInit:  - other features:
LogInit:      CURL_VERSION_SSL
LogInit:      CURL_VERSION_LIBZ
LogInit:      CURL_VERSION_IPV6
LogInit:      CURL_VERSION_ASYNCHDNS
LogInit:      CURL_VERSION_LARGEFILE
LogInit:      CURL_VERSION_IDN
LogInit:  CurlRequestOptions (configurable via config and command line):
LogInit:  - bVerifyPeer = true  - Libcurl will verify peer certificate
LogInit:  - bUseHttpProxy = false  - Libcurl will NOT use HTTP proxy
LogInit:  - bDontReuseConnections = false  - Libcurl will reuse connections
LogInit:  - MaxHostConnections = 16  - Libcurl will limit the number of connections to a host
LogInit:  - LocalHostAddr = Default
LogInit:  - BufferSize = 65536
LogInit: WinSock: version 1.1 (2.2), MaxSocks=32767, MaxUdp=65467
LogHMD: Failed initializing OVRPlugin 1.32.0
LogInit: Build: ++UE4+Release-4.22-CL-6063286
LogInit: Engine Version: 4.22.1-6063286+++UE4+Release-4.22
LogInit: Compatible Engine Version: 4.22.0-5660361+++UE4+Release-4.22
LogInit: Net CL: 5660361
LogInit: OS: Windows 10 (Release 1709) (), CPU: Intel(R) Xeon(R) CPU E5-2687W v4 @ 3.00GHz, GPU: NVIDIA GeForce GTX 1080
LogInit: Compiled (64-bit): Apr 24 2019 04:36:48
LogInit: Compiled with Visual C++: 19.16.27025.01
LogInit: Build Configuration: Development
LogInit: Branch Name: ++UE4+Release-4.22
LogInit: Command Line:  -EpicPortal -epicusername=bestx104 -epicuserid=babaf5317f8744fbb81b40f518d1cbdc -epiclocale=en-US
LogInit: Base Directory: C:/Program Files/Epic Games/UE_4.22/Engine/Binaries/Win64/
LogInit: Installed Engine Build: 1
LogDevObjectVersion: Number of dev versions registered: 23
LogDevObjectVersion:   Dev-Blueprints (B0D832E4-1F89-4F0D-ACCF-7EB736FD4AA2): 10
LogDevObjectVersion:   Dev-Build (E1C64328-A22C-4D53-A36C-8E866417BD8C): 0
LogDevObjectVersion:   Dev-Core (375EC13C-06E4-48FB-B500-84F0262A717E): 3
LogDevObjectVersion:   Dev-Editor (E4B068ED-F494-42E9-A231-DA0B2E46BB41): 30
LogDevObjectVersion:   Dev-Framework (CFFC743F-43B0-4480-9391-14DF171D2073): 35
LogDevObjectVersion:   Dev-Mobile (B02B49B5-BB20-44E9-A304-32B752E40360): 2
LogDevObjectVersion:   Dev-Networking (A4E4105C-59A1-49B5-A7C5-40C4547EDFEE): 0
LogDevObjectVersion:   Dev-Online (39C831C9-5AE6-47DC-9A44-9C173E1C8E7C): 0
LogDevObjectVersion:   Dev-Physics (78F01B33-EBEA-4F98-B9B4-84EACCB95AA2): 0
LogDevObjectVersion:   Dev-Platform (6631380F-2D4D-43E0-8009-CF276956A95A): 0
LogDevObjectVersion:   Dev-Rendering (12F88B9F-8875-4AFC-A67C-D90C383ABD29): 28
LogDevObjectVersion:   Dev-Sequencer (7B5AE74C-D270-4C10-A958-57980B212A5A): 11
LogDevObjectVersion:   Dev-VR (D7296918-1DD6-4BDD-9DE2-64A83CC13884): 2
LogDevObjectVersion:   Dev-LoadTimes (C2A15278-BFE7-4AFE-6C17-90FF531DF755): 1
LogDevObjectVersion:   Private-Geometry (6EACA3D4-40EC-4CC1-B786-8BED09428FC5): 3
LogDevObjectVersion:   Dev-AnimPhys (29E575DD-E0A3-4627-9D10-D276232CDCEA): 17
LogDevObjectVersion:   Dev-Anim (AF43A65D-7FD3-4947-9873-3E8ED9C1BB05): 2
LogDevObjectVersion:   Dev-ReflectionCapture (6B266CEC-1EC7-4B8F-A30B-E4D90942FC07): 1
LogDevObjectVersion:   Dev-Automation (0DF73D61-A23F-47EA-B727-89E90C41499A): 1
LogDevObjectVersion:   FortniteMain (601D1886-AC64-4F84-AA16-D3DE0DEAC7D6): 25
LogDevObjectVersion:   Dev-Enterprise (9DFFBCD6-494F-0158-E221-12823C92A888): 6
LogDevObjectVersion:   Dev-Niagara (F2AED0AC-9AFE-416F-8664-AA7FFA26D6FC): 1
LogDevObjectVersion:   Dev-Destruction (174F1F0B-B4C6-45A5-B13F-2EE8D0FB917D): 2
LogInit: Presizing for max 16777216 objects, including 0 objects not considered by GC, pre-allocating 0 bytes for permanent pool.
LogInit: Object subsystem initialized
LogConfig: Setting CVar [[con.DebugEarlyDefault:1]]
LogConfig: Setting CVar [[r.setres:1280x720]]
[2019.05.04-20.20.05:857][  0]LogConfig: Setting CVar [[r.VSync:0]]
[2019.05.04-20.20.05:857][  0]LogConfig: Setting CVar [[r.RHICmdBypass:0]]
[2019.05.04-20.20.05:857][  0]LogConfig: Applying CVar settings from Section [/Script/Engine.RendererSettings] File [Y:/CSCI 4611/csci4611-landscape/csci4611landscape/Saved/Config/Windows/Engine.ini]
[2019.05.04-20.20.05:857][  0]LogConfig: Setting CVar [[r.GPUCrashDebugging:0]]
[2019.05.04-20.20.05:857][  0]LogConfig: Applying CVar settings from Section [/Script/Engine.RendererOverrideSettings] File [Y:/CSCI 4611/csci4611-landscape/csci4611landscape/Saved/Config/Windows/Engine.ini]
[2019.05.04-20.20.05:857][  0]LogConfig: Applying CVar settings from Section [/Script/Engine.StreamingSettings] File [Y:/CSCI 4611/csci4611-landscape/csci4611landscape/Saved/Config/Windows/Engine.ini]
[2019.05.04-20.20.05:857][  0]LogConfig: Setting CVar [[s.MinBulkDataSizeForAsyncLoading:131072]]
[2019.05.04-20.20.05:857][  0]LogConfig: Setting CVar [[s.AsyncLoadingThreadEnabled:0]]
[2019.05.04-20.20.05:857][  0]LogConfig: Setting CVar [[s.EventDrivenLoaderEnabled:1]]
[2019.05.04-20.20.05:857][  0]LogConfig: Setting CVar [[s.WarnIfTimeLimitExceeded:0]]
[2019.05.04-20.20.05:857][  0]LogConfig: Setting CVar [[s.TimeLimitExceededMultiplier:1.5]]
[2019.05.04-20.20.05:857][  0]LogConfig: Setting CVar [[s.TimeLimitExceededMinTime:0.005]]
[2019.05.04-20.20.05:857][  0]LogConfig: Setting CVar [[s.UseBackgroundLevelStreaming:1]]
[2019.05.04-20.20.05:857][  0]LogConfig: Setting CVar [[s.PriorityAsyncLoadingExtraTime:15.0]]
[2019.05.04-20.20.05:857][  0]LogConfig: Setting CVar [[s.LevelStreamingActorsUpdateTimeLimit:5.0]]
[2019.05.04-20.20.05:857][  0]LogConfig: Setting CVar [[s.PriorityLevelStreamingActorsUpdateExtraTime:5.0]]
[2019.05.04-20.20.05:857][  0]LogConfig: Setting CVar [[s.LevelStreamingComponentsRegistrationGranularity:10]]
[2019.05.04-20.20.05:857][  0]LogConfig: Setting CVar [[s.UnregisterComponentsTimeLimit:1.0]]
[2019.05.04-20.20.05:857][  0]LogConfig: Setting CVar [[s.LevelStreamingComponentsUnregistrationGranularity:5]]
[2019.05.04-20.20.05:857][  0]LogConfig: Applying CVar settings from Section [/Script/Engine.GarbageCollectionSettings] File [Y:/CSCI 4611/csci4611-landscape/csci4611landscape/Saved/Config/Windows/Engine.ini]
[2019.05.04-20.20.05:857][  0]LogConfig: Setting CVar [[gc.MaxObjectsNotConsideredByGC:1]]
[2019.05.04-20.20.05:857][  0]LogConfig: Setting CVar [[gc.SizeOfPermanentObjectPool:0]]
[2019.05.04-20.20.05:857][  0]LogConfig: Setting CVar [[gc.FlushStreamingOnGC:0]]
[2019.05.04-20.20.05:857][  0]LogConfig: Setting CVar [[gc.NumRetriesBeforeForcingGC:10]]
[2019.05.04-20.20.05:857][  0]LogConfig: Setting CVar [[gc.AllowParallelGC:1]]
[2019.05.04-20.20.05:857][  0]LogConfig: Setting CVar [[gc.TimeBetweenPurgingPendingKillObjects:61.1]]
[2019.05.04-20.20.05:857][  0]LogConfig: Setting CVar [[gc.MaxObjectsInEditor:16777216]]
[2019.05.04-20.20.05:857][  0]LogConfig: Setting CVar [[gc.IncrementalBeginDestroyEnabled:1]]
[2019.05.04-20.20.05:857][  0]LogConfig: Setting CVar [[gc.CreateGCClusters:1]]
[2019.05.04-20.20.05:857][  0]LogConfig: Setting CVar [[gc.MinGCClusterSize:5]]
[2019.05.04-20.20.05:857][  0]LogConfig: Setting CVar [[gc.ActorClusteringEnabled:0]]
[2019.05.04-20.20.05:857][  0]LogConfig: Setting CVar [[gc.BlueprintClusteringEnabled:0]]
[2019.05.04-20.20.05:857][  0]LogConfig: Setting CVar [[gc.UseDisregardForGCOnDedicatedServers:0]]
[2019.05.04-20.20.05:857][  0]LogConfig: Applying CVar settings from Section [/Script/Engine.NetworkSettings] File [Y:/CSCI 4611/csci4611-landscape/csci4611landscape/Saved/Config/Windows/Engine.ini]
[2019.05.04-20.20.05:857][  0]LogConfig: Applying CVar settings from Section [/Script/UnrealEd.CookerSettings] File [Y:/CSCI 4611/csci4611-landscape/csci4611landscape/Saved/Config/Windows/Engine.ini]
[2019.05.04-20.20.05:862][  0]LogConfig: Applying CVar settings from Section [ViewDistanceQuality@3] File [Y:/CSCI 4611/csci4611-landscape/csci4611landscape/Saved/Config/Windows/Scalability.ini]
[2019.05.04-20.20.05:862][  0]LogConfig: Setting CVar [[r.SkeletalMeshLODBias:0]]
[2019.05.04-20.20.05:862][  0]LogConfig: Setting CVar [[r.ViewDistanceScale:1.0]]
[2019.05.04-20.20.05:862][  0]LogConfig: Applying CVar settings from Section [AntiAliasingQuality@3] File [Y:/CSCI 4611/csci4611-landscape/csci4611landscape/Saved/Config/Windows/Scalability.ini]
[2019.05.04-20.20.05:862][  0]LogConfig: Setting CVar [[r.PostProcessAAQuality:4]]
[2019.05.04-20.20.05:862][  0]LogConfig: Applying CVar settings from Section [ShadowQuality@3] File [Y:/CSCI 4611/csci4611-landscape/csci4611landscape/Saved/Config/Windows/Scalability.ini]
[2019.05.04-20.20.05:862][  0]LogConfig: Setting CVar [[r.LightFunctionQuality:1]]
[2019.05.04-20.20.05:862][  0]LogConfig: Setting CVar [[r.ShadowQuality:5]]
[2019.05.04-20.20.05:862][  0]LogConfig: Setting CVar [[r.Shadow.CSM.MaxCascades:10]]
[2019.05.04-20.20.05:862][  0]LogConfig: Setting CVar [[r.Shadow.MaxResolution:2048]]
[2019.05.04-20.20.05:862][  0]LogConfig: Setting CVar [[r.Shadow.MaxCSMResolution:2048]]
[2019.05.04-20.20.05:863][  0]LogConfig: Setting CVar [[r.Shadow.RadiusThreshold:0.01]]
[2019.05.04-20.20.05:863][  0]LogConfig: Setting CVar [[r.Shadow.DistanceScale:1.0]]
[2019.05.04-20.20.05:863][  0]LogConfig: Setting CVar [[r.Shadow.CSM.TransitionScale:1.0]]
[2019.05.04-20.20.05:863][  0]LogConfig: Setting CVar [[r.Shadow.PreShadowResolutionFactor:1.0]]
[2019.05.04-20.20.05:863][  0]LogConfig: Setting CVar [[r.DistanceFieldShadowing:1]]
[2019.05.04-20.20.05:863][  0]LogConfig: Setting CVar [[r.DistanceFieldAO:1]]
[2019.05.04-20.20.05:863][  0]LogConfig: Setting CVar [[r.AOQuality:2]]
[2019.05.04-20.20.05:863][  0]LogConfig: Setting CVar [[r.VolumetricFog:1]]
[2019.05.04-20.20.05:863][  0]LogConfig: Setting CVar [[r.VolumetricFog.GridPixelSize:8]]
[2019.05.04-20.20.05:863][  0]LogConfig: Setting CVar [[r.VolumetricFog.GridSizeZ:128]]
[2019.05.04-20.20.05:863][  0]LogConfig: Setting CVar [[r.VolumetricFog.HistoryMissSupersampleCount:4]]
[2019.05.04-20.20.05:863][  0]LogConfig: Setting CVar [[r.LightMaxDrawDistanceScale:1]]
[2019.05.04-20.20.05:863][  0]LogConfig: Setting CVar [[r.CapsuleShadows:1]]
[2019.05.04-20.20.05:863][  0]LogConfig: Applying CVar settings from Section [PostProcessQuality@3] File [Y:/CSCI 4611/csci4611-landscape/csci4611landscape/Saved/Config/Windows/Scalability.ini]
[2019.05.04-20.20.05:863][  0]LogConfig: Setting CVar [[r.MotionBlurQuality:4]]
[2019.05.04-20.20.05:863][  0]LogConfig: Setting CVar [[r.AmbientOcclusionMipLevelFactor:0.4]]
[2019.05.04-20.20.05:863][  0]LogConfig: Setting CVar [[r.AmbientOcclusionMaxQuality:100]]
[2019.05.04-20.20.05:863][  0]LogConfig: Setting CVar [[r.AmbientOcclusionLevels:-1]]
[2019.05.04-20.20.05:863][  0]LogConfig: Setting CVar [[r.AmbientOcclusionRadiusScale:1.0]]
[2019.05.04-20.20.05:863][  0]LogConfig: Setting CVar [[r.DepthOfFieldQuality:2]]
[2019.05.04-20.20.05:863][  0]LogConfig: Setting CVar [[r.RenderTargetPoolMin:400]]
[2019.05.04-20.20.05:863][  0]LogConfig: Setting CVar [[r.LensFlareQuality:2]]
[2019.05.04-20.20.05:863][  0]LogConfig: Setting CVar [[r.SceneColorFringeQuality:1]]
[2019.05.04-20.20.05:863][  0]LogConfig: Setting CVar [[r.EyeAdaptationQuality:2]]
[2019.05.04-20.20.05:863][  0]LogConfig: Setting CVar [[r.BloomQuality:5]]
[2019.05.04-20.20.05:863][  0]LogConfig: Setting CVar [[r.FastBlurThreshold:100]]
[2019.05.04-20.20.05:863][  0]LogConfig: Setting CVar [[r.Upscale.Quality:3]]
[2019.05.04-20.20.05:863][  0]LogConfig: Setting CVar [[r.Tonemapper.GrainQuantization:1]]
[2019.05.04-20.20.05:863][  0]LogConfig: Setting CVar [[r.LightShaftQuality:1]]
[2019.05.04-20.20.05:863][  0]LogConfig: Setting CVar [[r.Filter.SizeScale:1]]
[2019.05.04-20.20.05:863][  0]LogConfig: Setting CVar [[r.Tonemapper.Quality:5]]
[2019.05.04-20.20.05:863][  0]LogConfig: Setting CVar [[r.DOF.Gather.AccumulatorQuality:1        ; higher gathering accumulator quality]]
[2019.05.04-20.20.05:863][  0]LogConfig: Setting CVar [[r.DOF.Gather.PostfilterMethod:1          ; Median3x3 postfilering method]]
[2019.05.04-20.20.05:863][  0]LogConfig: Setting CVar [[r.DOF.Gather.EnableBokehSettings:0       ; no bokeh simulation when gathering]]
[2019.05.04-20.20.05:863][  0]LogConfig: Setting CVar [[r.DOF.Gather.RingCount:4                 ; medium number of samples when gathering]]
[2019.05.04-20.20.05:863][  0]LogConfig: Setting CVar [[r.DOF.Scatter.ForegroundCompositing:1    ; additive foreground scattering]]
[2019.05.04-20.20.05:863][  0]LogConfig: Setting CVar [[r.DOF.Scatter.BackgroundCompositing:2    ; additive background scattering]]
[2019.05.04-20.20.05:863][  0]LogConfig: Setting CVar [[r.DOF.Scatter.EnableBokehSettings:1      ; bokeh simulation when scattering]]
[2019.05.04-20.20.05:863][  0]LogConfig: Setting CVar [[r.DOF.Scatter.MaxSpriteRatio:0.1         ; only a maximum of 10% of scattered bokeh]]
[2019.05.04-20.20.05:863][  0]LogConfig: Setting CVar [[r.DOF.Recombine.Quality:1                ; cheap slight out of focus]]
[2019.05.04-20.20.05:863][  0]LogConfig: Setting CVar [[r.DOF.Recombine.EnableBokehSettings:0    ; no bokeh simulation on slight out of focus]]
[2019.05.04-20.20.05:863][  0]LogConfig: Setting CVar [[r.DOF.TemporalAAQuality:1                ; more stable temporal accumulation]]
[2019.05.04-20.20.05:863][  0]LogConfig: Setting CVar [[r.DOF.Kernel.MaxForegroundRadius:0.025]]
[2019.05.04-20.20.05:863][  0]LogConfig: Setting CVar [[r.DOF.Kernel.MaxBackgroundRadius:0.025]]
[2019.05.04-20.20.05:863][  0]LogConfig: Applying CVar settings from Section [TextureQuality@3] File [Y:/CSCI 4611/csci4611-landscape/csci4611landscape/Saved/Config/Windows/Scalability.ini]
[2019.05.04-20.20.05:863][  0]LogConfig: Setting CVar [[r.Streaming.MipBias:0]]
[2019.05.04-20.20.05:863][  0]LogConfig: Setting CVar [[r.Streaming.AmortizeCPUToGPUCopy:0]]
[2019.05.04-20.20.05:863][  0]LogConfig: Setting CVar [[r.Streaming.MaxNumTexturesToStreamPerFrame:0]]
[2019.05.04-20.20.05:863][  0]LogConfig: Setting CVar [[r.Streaming.Boost:1]]
[2019.05.04-20.20.05:863][  0]LogConfig: Setting CVar [[r.MaxAnisotropy:8]]
[2019.05.04-20.20.05:863][  0]LogConfig: Setting CVar [[r.Streaming.LimitPoolSizeToVRAM:0]]
[2019.05.04-20.20.05:863][  0]LogConfig: Setting CVar [[r.Streaming.PoolSize:1000]]
[2019.05.04-20.20.05:863][  0]LogConfig: Setting CVar [[r.Streaming.MaxEffectiveScreenSize:0]]
[2019.05.04-20.20.05:863][  0]LogConfig: Applying CVar settings from Section [EffectsQuality@3] File [Y:/CSCI 4611/csci4611-landscape/csci4611landscape/Saved/Config/Windows/Scalability.ini]
[2019.05.04-20.20.05:863][  0]LogConfig: Setting CVar [[r.TranslucencyLightingVolumeDim:64]]
[2019.05.04-20.20.05:863][  0]LogConfig: Setting CVar [[r.RefractionQuality:2]]
[2019.05.04-20.20.05:863][  0]LogConfig: Setting CVar [[r.SSR.Quality:3]]
[2019.05.04-20.20.05:863][  0]LogConfig: Setting CVar [[r.SceneColorFormat:4]]
[2019.05.04-20.20.05:863][  0]LogConfig: Setting CVar [[r.DetailMode:2]]
[2019.05.04-20.20.05:863][  0]LogConfig: Setting CVar [[r.TranslucencyVolumeBlur:1]]
[2019.05.04-20.20.05:863][  0]LogConfig: Setting CVar [[r.MaterialQualityLevel:1 ; High quality]]
[2019.05.04-20.20.05:863][  0]LogConfig: Setting CVar [[r.SSS.Scale:1]]
[2019.05.04-20.20.05:863][  0]LogConfig: Setting CVar [[r.SSS.SampleSet:2]]
[2019.05.04-20.20.05:863][  0]LogConfig: Setting CVar [[r.SSS.Quality:1]]
[2019.05.04-20.20.05:863][  0]LogConfig: Setting CVar [[r.SSS.HalfRes:1]]
[2019.05.04-20.20.05:863][  0]LogConfig: Setting CVar [[r.EmitterSpawnRateScale:1.0]]
[2019.05.04-20.20.05:863][  0]LogConfig: Setting CVar [[r.ParticleLightQuality:2]]
[2019.05.04-20.20.05:864][  0]LogConfig: Applying CVar settings from Section [FoliageQuality@3] File [Y:/CSCI 4611/csci4611-landscape/csci4611landscape/Saved/Config/Windows/Scalability.ini]
[2019.05.04-20.20.05:864][  0]LogConfig: Setting CVar [[foliage.DensityScale:1.0]]
[2019.05.04-20.20.05:864][  0]LogConfig: Setting CVar [[grass.DensityScale:1.0]]
[2019.05.04-20.20.05:864][  0]LogInit: Selected Device Profile: [Windows]
[2019.05.04-20.20.05:864][  0]LogInit: Applying CVar settings loaded from the selected device profile: [Windows]
[2019.05.04-20.20.05:913][  0]LogHAL: Display: Platform has ~ 32 GB [34277916672 / 34359738368 / 32], which maps to Largest [LargestMinGB=32, LargerMinGB=12, DefaultMinGB=8, SmallerMinGB=6, SmallestMinGB=0)
[2019.05.04-20.20.05:913][  0]LogConfig: Setting CVar [[r.Vulkan.UseRealUBs:0		; Required until we fix HLR fall-out]]
[2019.05.04-20.20.05:913][  0]LogInit: Going up to parent DeviceProfile []
[2019.05.04-20.20.05:913][  0]LogConfig: Applying CVar settings from Section [ViewDistanceQuality@3] File [Y:/CSCI 4611/csci4611-landscape/csci4611landscape/Saved/Config/Windows/Scalability.ini]
[2019.05.04-20.20.05:913][  0]LogConfig: Setting CVar [[r.SkeletalMeshLODBias:0]]
[2019.05.04-20.20.05:913][  0]LogConfig: Setting CVar [[r.ViewDistanceScale:1.0]]
[2019.05.04-20.20.05:913][  0]LogConfig: Applying CVar settings from Section [AntiAliasingQuality@3] File [Y:/CSCI 4611/csci4611-landscape/csci4611landscape/Saved/Config/Windows/Scalability.ini]
[2019.05.04-20.20.05:913][  0]LogConfig: Setting CVar [[r.PostProcessAAQuality:4]]
[2019.05.04-20.20.05:913][  0]LogConfig: Applying CVar settings from Section [ShadowQuality@3] File [Y:/CSCI 4611/csci4611-landscape/csci4611landscape/Saved/Config/Windows/Scalability.ini]
[2019.05.04-20.20.05:913][  0]LogConfig: Setting CVar [[r.LightFunctionQuality:1]]
[2019.05.04-20.20.05:913][  0]LogConfig: Setting CVar [[r.ShadowQuality:5]]
[2019.05.04-20.20.05:913][  0]LogConfig: Setting CVar [[r.Shadow.CSM.MaxCascades:10]]
[2019.05.04-20.20.05:913][  0]LogConfig: Setting CVar [[r.Shadow.MaxResolution:2048]]
[2019.05.04-20.20.05:913][  0]LogConfig: Setting CVar [[r.Shadow.MaxCSMResolution:2048]]
[2019.05.04-20.20.05:913][  0]LogConfig: Setting CVar [[r.Shadow.RadiusThreshold:0.01]]
[2019.05.04-20.20.05:913][  0]LogConfig: Setting CVar [[r.Shadow.DistanceScale:1.0]]
[2019.05.04-20.20.05:913][  0]LogConfig: Setting CVar [[r.Shadow.CSM.TransitionScale:1.0]]
[2019.05.04-20.20.05:913][  0]LogConfig: Setting CVar [[r.Shadow.PreShadowResolutionFactor:1.0]]
[2019.05.04-20.20.05:913][  0]LogConfig: Setting CVar [[r.DistanceFieldShadowing:1]]
[2019.05.04-20.20.05:913][  0]LogConfig: Setting CVar [[r.DistanceFieldAO:1]]
[2019.05.04-20.20.05:913][  0]LogConfig: Setting CVar [[r.AOQuality:2]]
[2019.05.04-20.20.05:913][  0]LogConfig: Setting CVar [[r.VolumetricFog:1]]
[2019.05.04-20.20.05:913][  0]LogConfig: Setting CVar [[r.VolumetricFog.GridPixelSize:8]]
[2019.05.04-20.20.05:913][  0]LogConfig: Setting CVar [[r.VolumetricFog.GridSizeZ:128]]
[2019.05.04-20.20.05:913][  0]LogConfig: Setting CVar [[r.VolumetricFog.HistoryMissSupersampleCount:4]]
[2019.05.04-20.20.05:913][  0]LogConfig: Setting CVar [[r.LightMaxDrawDistanceScale:1]]
[2019.05.04-20.20.05:913][  0]LogConfig: Setting CVar [[r.CapsuleShadows:1]]
[2019.05.04-20.20.05:913][  0]LogConfig: Applying CVar settings from Section [PostProcessQuality@3] File [Y:/CSCI 4611/csci4611-landscape/csci4611landscape/Saved/Config/Windows/Scalability.ini]
[2019.05.04-20.20.05:914][  0]LogConfig: Setting CVar [[r.MotionBlurQuality:4]]
[2019.05.04-20.20.05:914][  0]LogConfig: Setting CVar [[r.AmbientOcclusionMipLevelFactor:0.4]]
[2019.05.04-20.20.05:914][  0]LogConfig: Setting CVar [[r.AmbientOcclusionMaxQuality:100]]
[2019.05.04-20.20.05:914][  0]LogConfig: Setting CVar [[r.AmbientOcclusionLevels:-1]]
[2019.05.04-20.20.05:914][  0]LogConfig: Setting CVar [[r.AmbientOcclusionRadiusScale:1.0]]
[2019.05.04-20.20.05:914][  0]LogConfig: Setting CVar [[r.DepthOfFieldQuality:2]]
[2019.05.04-20.20.05:914][  0]LogConfig: Setting CVar [[r.RenderTargetPoolMin:400]]
[2019.05.04-20.20.05:914][  0]LogConfig: Setting CVar [[r.LensFlareQuality:2]]
[2019.05.04-20.20.05:914][  0]LogConfig: Setting CVar [[r.SceneColorFringeQuality:1]]
[2019.05.04-20.20.05:914][  0]LogConfig: Setting CVar [[r.EyeAdaptationQuality:2]]
[2019.05.04-20.20.05:914][  0]LogConfig: Setting CVar [[r.BloomQuality:5]]
[2019.05.04-20.20.05:914][  0]LogConfig: Setting CVar [[r.FastBlurThreshold:100]]
[2019.05.04-20.20.05:914][  0]LogConfig: Setting CVar [[r.Upscale.Quality:3]]
[2019.05.04-20.20.05:914][  0]LogConfig: Setting CVar [[r.Tonemapper.GrainQuantization:1]]
[2019.05.04-20.20.05:914][  0]LogConfig: Setting CVar [[r.LightShaftQuality:1]]
[2019.05.04-20.20.05:914][  0]LogConfig: Setting CVar [[r.Filter.SizeScale:1]]
[2019.05.04-20.20.05:914][  0]LogConfig: Setting CVar [[r.Tonemapper.Quality:5]]
[2019.05.04-20.20.05:914][  0]LogConfig: Setting CVar [[r.DOF.Gather.AccumulatorQuality:1        ; higher gathering accumulator quality]]
[2019.05.04-20.20.05:914][  0]LogConfig: Setting CVar [[r.DOF.Gather.PostfilterMethod:1          ; Median3x3 postfilering method]]
[2019.05.04-20.20.05:914][  0]LogConfig: Setting CVar [[r.DOF.Gather.EnableBokehSettings:0       ; no bokeh simulation when gathering]]
[2019.05.04-20.20.05:914][  0]LogConfig: Setting CVar [[r.DOF.Gather.RingCount:4                 ; medium number of samples when gathering]]
[2019.05.04-20.20.05:914][  0]LogConfig: Setting CVar [[r.DOF.Scatter.ForegroundCompositing:1    ; additive foreground scattering]]
[2019.05.04-20.20.05:914][  0]LogConfig: Setting CVar [[r.DOF.Scatter.BackgroundCompositing:2    ; additive background scattering]]
[2019.05.04-20.20.05:914][  0]LogConfig: Setting CVar [[r.DOF.Scatter.EnableBokehSettings:1      ; bokeh simulation when scattering]]
[2019.05.04-20.20.05:914][  0]LogConfig: Setting CVar [[r.DOF.Scatter.MaxSpriteRatio:0.1         ; only a maximum of 10% of scattered bokeh]]
[2019.05.04-20.20.05:914][  0]LogConfig: Setting CVar [[r.DOF.Recombine.Quality:1                ; cheap slight out of focus]]
[2019.05.04-20.20.05:914][  0]LogConfig: Setting CVar [[r.DOF.Recombine.EnableBokehSettings:0    ; no bokeh simulation on slight out of focus]]
[2019.05.04-20.20.05:914][  0]LogConfig: Setting CVar [[r.DOF.TemporalAAQuality:1                ; more stable temporal accumulation]]
[2019.05.04-20.20.05:914][  0]LogConfig: Setting CVar [[r.DOF.Kernel.MaxForegroundRadius:0.025]]
[2019.05.04-20.20.05:914][  0]LogConfig: Setting CVar [[r.DOF.Kernel.MaxBackgroundRadius:0.025]]
[2019.05.04-20.20.05:914][  0]LogConfig: Applying CVar settings from Section [TextureQuality@3] File [Y:/CSCI 4611/csci4611-landscape/csci4611landscape/Saved/Config/Windows/Scalability.ini]
[2019.05.04-20.20.05:914][  0]LogConfig: Setting CVar [[r.Streaming.MipBias:0]]
[2019.05.04-20.20.05:914][  0]LogConfig: Setting CVar [[r.Streaming.AmortizeCPUToGPUCopy:0]]
[2019.05.04-20.20.05:914][  0]LogConfig: Setting CVar [[r.Streaming.MaxNumTexturesToStreamPerFrame:0]]
[2019.05.04-20.20.05:914][  0]LogConfig: Setting CVar [[r.Streaming.Boost:1]]
[2019.05.04-20.20.05:914][  0]LogConfig: Setting CVar [[r.MaxAnisotropy:8]]
[2019.05.04-20.20.05:914][  0]LogConfig: Setting CVar [[r.Streaming.LimitPoolSizeToVRAM:0]]
[2019.05.04-20.20.05:914][  0]LogConfig: Setting CVar [[r.Streaming.PoolSize:1000]]
[2019.05.04-20.20.05:914][  0]LogConfig: Setting CVar [[r.Streaming.MaxEffectiveScreenSize:0]]
[2019.05.04-20.20.05:914][  0]LogConfig: Applying CVar settings from Section [EffectsQuality@3] File [Y:/CSCI 4611/csci4611-landscape/csci4611landscape/Saved/Config/Windows/Scalability.ini]
[2019.05.04-20.20.05:914][  0]LogConfig: Setting CVar [[r.TranslucencyLightingVolumeDim:64]]
[2019.05.04-20.20.05:914][  0]LogConfig: Setting CVar [[r.RefractionQuality:2]]
[2019.05.04-20.20.05:914][  0]LogConfig: Setting CVar [[r.SSR.Quality:3]]
[2019.05.04-20.20.05:914][  0]LogConfig: Setting CVar [[r.SceneColorFormat:4]]
[2019.05.04-20.20.05:914][  0]LogConfig: Setting CVar [[r.DetailMode:2]]
[2019.05.04-20.20.05:914][  0]LogConfig: Setting CVar [[r.TranslucencyVolumeBlur:1]]
[2019.05.04-20.20.05:914][  0]LogConfig: Setting CVar [[r.MaterialQualityLevel:1 ; High quality]]
[2019.05.04-20.20.05:914][  0]LogConfig: Setting CVar [[r.SSS.Scale:1]]
[2019.05.04-20.20.05:914][  0]LogConfig: Setting CVar [[r.SSS.SampleSet:2]]
[2019.05.04-20.20.05:914][  0]LogConfig: Setting CVar [[r.SSS.Quality:1]]
[2019.05.04-20.20.05:914][  0]LogConfig: Setting CVar [[r.SSS.HalfRes:1]]
[2019.05.04-20.20.05:914][  0]LogConfig: Setting CVar [[r.EmitterSpawnRateScale:1.0]]
[2019.05.04-20.20.05:914][  0]LogConfig: Setting CVar [[r.ParticleLightQuality:2]]
[2019.05.04-20.20.05:914][  0]LogConfig: Applying CVar settings from Section [FoliageQuality@3] File [Y:/CSCI 4611/csci4611-landscape/csci4611landscape/Saved/Config/Windows/Scalability.ini]
[2019.05.04-20.20.05:914][  0]LogConfig: Setting CVar [[foliage.DensityScale:1.0]]
[2019.05.04-20.20.05:914][  0]LogConfig: Setting CVar [[grass.DensityScale:1.0]]
[2019.05.04-20.20.05:914][  0]LogConfig: Applying CVar settings from Section [Startup] File [../../../Engine/Config/ConsoleVariables.ini]
[2019.05.04-20.20.05:923][  0]LogConfig: Setting CVar [[net.UseAdaptiveNetUpdateFrequency:0]]
[2019.05.04-20.20.05:923][  0]LogConfig: Setting CVar [[p.chaos.AllowCreatePhysxBodies:1]]
[2019.05.04-20.20.05:923][  0]LogConfig: Applying CVar settings from Section [ConsoleVariables] File [Y:/CSCI 4611/csci4611-landscape/csci4611landscape/Saved/Config/Windows/Engine.ini]
[2019.05.04-20.20.05:923][  0]LogInit: Computer: CSEL-KH1254-07
[2019.05.04-20.20.05:923][  0]LogInit: User: bestx104
[2019.05.04-20.20.05:923][  0]LogInit: CPU Page size=4096, Cores=12
[2019.05.04-20.20.05:923][  0]LogInit: High frequency timer resolution =2.922917 MHz
[2019.05.04-20.20.05:924][  0]LogMemory: Memory total: Physical=31.9GB (32GB approx)
[2019.05.04-20.20.05:924][  0]LogMemory: Platform Memory Stats for Windows
[2019.05.04-20.20.05:924][  0]LogMemory: Process Physical Memory: 102.22 MB used, 102.22 MB peak
[2019.05.04-20.20.05:924][  0]LogMemory: Process Virtual Memory: 100.33 MB used, 100.33 MB peak
[2019.05.04-20.20.05:924][  0]LogMemory: Physical Memory: 8467.34 MB used,  24222.63 MB free, 32689.97 MB total
[2019.05.04-20.20.05:924][  0]LogMemory: Virtual Memory: 648.91 MB used,  134217080.00 MB free, 134217728.00 MB total
[2019.05.04-20.20.06:115][  0]LogInit: Using OS detected language (en-US).
[2019.05.04-20.20.06:115][  0]LogInit: Using OS detected locale (en-US).
[2019.05.04-20.20.06:117][  0]LogTextLocalizationManager: No specific localization for 'en-US' exists, so the 'en' localization will be used.
[2019.05.04-20.20.06:362][  0]LogInit: Setting process to per monitor DPI aware
[2019.05.04-20.20.06:446][  0]LogSlate: New Slate User Created.  User Index 0, Is Virtual User: 0
[2019.05.04-20.20.06:446][  0]LogSlate: Slate User Registered.  User Index 0, Is Virtual User: 0
[2019.05.04-20.20.08:419][  0]LogHMD: Failed to initialize OpenVR with code 110
[2019.05.04-20.20.08:419][  0]LogD3D11RHI: D3D11 adapters:
[2019.05.04-20.20.08:515][  0]LogD3D11RHI:    0. 'NVIDIA GeForce GTX 1080' (Feature Level 11_0)
[2019.05.04-20.20.08:515][  0]LogD3D11RHI:       8079/0/16344 MB DedicatedVideo/DedicatedSystem/SharedSystem, Outputs:1, VendorId:0x10de
[2019.05.04-20.20.08:521][  0]LogD3D11RHI:    1. 'Microsoft Basic Render Driver' (Feature Level 11_0)
[2019.05.04-20.20.08:521][  0]LogD3D11RHI:       0/0/16344 MB DedicatedVideo/DedicatedSystem/SharedSystem, Outputs:0, VendorId:0x1414
[2019.05.04-20.20.08:521][  0]LogD3D11RHI: Chosen D3D11 Adapter: 0
[2019.05.04-20.20.08:532][  0]LogD3D11RHI: Creating new Direct3DDevice
[2019.05.04-20.20.08:532][  0]LogD3D11RHI:     GPU DeviceId: 0x1b80 (for the marketing name, search the web for "GPU Device Id")
[2019.05.04-20.20.08:532][  0]LogWindows: EnumDisplayDevices:
[2019.05.04-20.20.08:532][  0]LogWindows:    0. 'NVIDIA GeForce GTX 1080' (P:1 D:1)
[2019.05.04-20.20.08:533][  0]LogWindows:    1. 'NVIDIA GeForce GTX 1080' (P:0 D:0)
[2019.05.04-20.20.08:533][  0]LogWindows:    2. 'NVIDIA GeForce GTX 1080' (P:0 D:0)
[2019.05.04-20.20.08:534][  0]LogWindows:    3. 'NVIDIA GeForce GTX 1080' (P:0 D:0)
[2019.05.04-20.20.08:534][  0]LogWindows: DebugString: FoundDriverCount:4 
[2019.05.04-20.20.08:534][  0]LogD3D11RHI:     Adapter Name: NVIDIA GeForce GTX 1080
[2019.05.04-20.20.08:534][  0]LogD3D11RHI:   Driver Version: 416.34 (internal:25.21.14.1634, unified:416.34)
[2019.05.04-20.20.08:534][  0]LogD3D11RHI:      Driver Date: 10-10-2018
[2019.05.04-20.20.08:534][  0]LogRHI: Texture pool is 5655 MB (70% of 8079 MB)
[2019.05.04-20.20.08:600][  0]LogD3D11RHI: Async texture creation enabled
[2019.05.04-20.20.08:607][  0]LogRendererCore: FGlobalReadBuffer::InitRHI
[2019.05.04-20.20.08:608][  0]LogRendererCore: FGlobalReadBuffer::InitRHI
[2019.05.04-20.20.08:608][  0]LogRendererCore: FGlobalReadBuffer::InitRHI
[2019.05.04-20.20.08:625][  0]LogD3D11RHI: GPU Timing Frequency: 1000.000000 (Debug: 2 2)
[2019.05.04-20.20.09:193][  0]LogTemp: Display: Module 'AllDesktopTargetPlatform' loaded TargetPlatform 'AllDesktop'
[2019.05.04-20.20.09:226][  0]LogTemp: Display: Module 'MacClientTargetPlatform' loaded TargetPlatform 'MacClient'
[2019.05.04-20.20.09:249][  0]LogTemp: Display: Module 'MacNoEditorTargetPlatform' loaded TargetPlatform 'MacNoEditor'
[2019.05.04-20.20.09:272][  0]LogTemp: Display: Module 'MacServerTargetPlatform' loaded TargetPlatform 'MacServer'
[2019.05.04-20.20.09:305][  0]LogTemp: Display: Module 'MacTargetPlatform' loaded TargetPlatform 'Mac'
[2019.05.04-20.20.09:329][  0]LogTemp: Display: Module 'WindowsClientTargetPlatform' loaded TargetPlatform 'WindowsClient'
[2019.05.04-20.20.09:353][  0]LogTemp: Display: Module 'WindowsNoEditorTargetPlatform' loaded TargetPlatform 'WindowsNoEditor'
[2019.05.04-20.20.09:377][  0]LogTemp: Display: Module 'WindowsServerTargetPlatform' loaded TargetPlatform 'WindowsServer'
[2019.05.04-20.20.09:390][  0]LogTemp: Display: Module 'WindowsTargetPlatform' loaded TargetPlatform 'Windows'
[2019.05.04-20.20.09:521][  0]LogTemp: Display: Module 'AndroidTargetPlatform' loaded TargetPlatform 'Android'
[2019.05.04-20.20.09:521][  0]LogTemp: Display: Module 'AndroidTargetPlatform' loaded TargetPlatform 'Android_ASTC'
[2019.05.04-20.20.09:521][  0]LogTemp: Display: Module 'AndroidTargetPlatform' loaded TargetPlatform 'Android_ATC'
[2019.05.04-20.20.09:521][  0]LogTemp: Display: Module 'AndroidTargetPlatform' loaded TargetPlatform 'Android_DXT'
[2019.05.04-20.20.09:521][  0]LogTemp: Display: Module 'AndroidTargetPlatform' loaded TargetPlatform 'Android_ETC1'
[2019.05.04-20.20.09:521][  0]LogTemp: Display: Module 'AndroidTargetPlatform' loaded TargetPlatform 'Android_ETC1a'
[2019.05.04-20.20.09:521][  0]LogTemp: Display: Module 'AndroidTargetPlatform' loaded TargetPlatform 'Android_ETC2'
[2019.05.04-20.20.09:521][  0]LogTemp: Display: Module 'AndroidTargetPlatform' loaded TargetPlatform 'Android_PVRTC'
[2019.05.04-20.20.09:521][  0]LogTemp: Display: Module 'AndroidTargetPlatform' loaded TargetPlatform 'AndroidClient'
[2019.05.04-20.20.09:521][  0]LogTemp: Display: Module 'AndroidTargetPlatform' loaded TargetPlatform 'Android_ASTCClient'
[2019.05.04-20.20.09:521][  0]LogTemp: Display: Module 'AndroidTargetPlatform' loaded TargetPlatform 'Android_ATCClient'
[2019.05.04-20.20.09:521][  0]LogTemp: Display: Module 'AndroidTargetPlatform' loaded TargetPlatform 'Android_DXTClient'
[2019.05.04-20.20.09:521][  0]LogTemp: Display: Module 'AndroidTargetPlatform' loaded TargetPlatform 'Android_ETC1Client'
[2019.05.04-20.20.09:521][  0]LogTemp: Display: Module 'AndroidTargetPlatform' loaded TargetPlatform 'Android_ETC1aClient'
[2019.05.04-20.20.09:521][  0]LogTemp: Display: Module 'AndroidTargetPlatform' loaded TargetPlatform 'Android_ETC2Client'
[2019.05.04-20.20.09:521][  0]LogTemp: Display: Module 'AndroidTargetPlatform' loaded TargetPlatform 'Android_PVRTCClient'
[2019.05.04-20.20.09:521][  0]LogTemp: Display: Module 'AndroidTargetPlatform' loaded TargetPlatform 'Android_Multi'
[2019.05.04-20.20.09:521][  0]LogTemp: Display: Module 'AndroidTargetPlatform' loaded TargetPlatform 'Android_MultiClient'
[2019.05.04-20.20.09:524][  0]LogTemp: Display: Module 'HTML5TargetPlatform' loaded TargetPlatform 'HTML5'
[2019.05.04-20.20.09:605][  0]LogTemp: Display: Module 'IOSTargetPlatform' loaded TargetPlatform 'IOSClient'
[2019.05.04-20.20.09:605][  0]LogTemp: Display: Module 'IOSTargetPlatform' loaded TargetPlatform 'IOS'
[2019.05.04-20.20.09:640][  0]LogTemp: Display: Module 'TVOSTargetPlatform' loaded TargetPlatform 'TVOSClient'
[2019.05.04-20.20.09:640][  0]LogTemp: Display: Module 'TVOSTargetPlatform' loaded TargetPlatform 'TVOS'
[2019.05.04-20.20.09:659][  0]LogTemp: Display: Module 'LinuxClientTargetPlatform' loaded TargetPlatform 'LinuxClient'
[2019.05.04-20.20.09:676][  0]LogTemp: Display: Module 'LinuxNoEditorTargetPlatform' loaded TargetPlatform 'LinuxNoEditor'
[2019.05.04-20.20.09:694][  0]LogTemp: Display: Module 'LinuxServerTargetPlatform' loaded TargetPlatform 'LinuxServer'
[2019.05.04-20.20.09:727][  0]LogTemp: Display: Module 'LinuxTargetPlatform' loaded TargetPlatform 'Linux'
[2019.05.04-20.20.09:786][  0]LogTemp: Display: Module 'LuminTargetPlatform' loaded TargetPlatform 'Lumin'
[2019.05.04-20.20.09:786][  0]LogTemp: Display: Module 'LuminTargetPlatform' loaded TargetPlatform 'LuminClient'
[2019.05.04-20.20.09:786][  0]LogTargetPlatformManager: Display: Building Assets For Windows
[2019.05.04-20.20.09:834][  0]LogAudioDebug: Display: Lib vorbis DLL was dynamically loaded.
[2019.05.04-20.20.09:971][  0]LogShaderCompilers: Guid format shader working directory is -1 characters bigger than the processId version (Y:/CSCI 4611/csci4611-landscape/csci4611landscape/Intermediate/Shaders/WorkingDirectory/13684/).
[2019.05.04-20.20.09:971][  0]LogShaderCompilers: Cleaned the shader compiler working directory 'C:/Users/bestx104/AppData/Local/Temp/UnrealShaderWorkingDir/F1470BCD44C8B7FB5767DE96D5CBEF37/'.
[2019.05.04-20.20.09:989][  0]LogShaderCompilers: Display: Using XGE Shader Compiler (Interception Interface).
[2019.05.04-20.20.12:037][  0]LogDerivedDataCache: Display: Max Cache Size: 512 MB
[2019.05.04-20.20.12:156][  0]LogDerivedDataCache: Loaded boot cache 0.12s 74MB C:/Users/bestx104/AppData/Local/UnrealEngine/4.22/DerivedDataCache/Boot.ddc.
[2019.05.04-20.20.12:156][  0]LogDerivedDataCache: Display: Loaded Boot cache: C:/Users/bestx104/AppData/Local/UnrealEngine/4.22/DerivedDataCache/Boot.ddc
[2019.05.04-20.20.12:157][  0]LogDerivedDataCache: FDerivedDataBackendGraph:  Pak pak cache file Y:/CSCI 4611/csci4611-landscape/csci4611landscape/DerivedDataCache/DDC.ddp not found, will not use a pak cache.
[2019.05.04-20.20.12:157][  0]LogDerivedDataCache: Unable to find inner node Pak for hierarchical cache Hierarchy.
[2019.05.04-20.20.12:158][  0]LogDerivedDataCache: FDerivedDataBackendGraph:  CompressedPak pak cache file Y:/CSCI 4611/csci4611-landscape/csci4611landscape/DerivedDataCache/Compressed.ddp not found, will not use a pak cache.
[2019.05.04-20.20.12:158][  0]LogDerivedDataCache: Unable to find inner node CompressedPak for hierarchical cache Hierarchy.
[2019.05.04-20.20.12:190][  0]LogDerivedDataCache: Display: Pak cache opened for reading ../../../Engine/DerivedDataCache/Compressed.ddp.
[2019.05.04-20.20.12:190][  0]LogDerivedDataCache: FDerivedDataBackendGraph:  EnterprisePak pak cache file ../../../Enterprise/DerivedDataCache/Compressed.ddp not found, will not use a pak cache.
[2019.05.04-20.20.12:190][  0]LogDerivedDataCache: Unable to find inner node EnterprisePak for hierarchical cache Hierarchy.
[2019.05.04-20.20.12:203][  0]LogDerivedDataCache: Using Local data cache path C:/Users/bestx104/AppData/Local/UnrealEngine/Common/DerivedDataCache: Writable
[2019.05.04-20.20.12:203][  0]LogDerivedDataCache: Shared data cache path not found in *engine.ini, will not use an Shared cache.
[2019.05.04-20.20.12:203][  0]LogDerivedDataCache: Unable to find inner node Shared for hierarchical cache Hierarchy.
[2019.05.04-20.20.12:230][  0]LogMaterial: Verifying Global Shaders for PCD3D_SM5
[2019.05.04-20.20.12:231][  0]LogSlate: Using FreeType 2.6.0
[2019.05.04-20.20.12:249][  0]LogSlate: SlateFontServices - WITH_FREETYPE: 1, WITH_HARFBUZZ: 1
[2019.05.04-20.20.12:590][  0]LogAssetRegistry: FAssetRegistry took 0.0389 seconds to start up
[2019.05.04-20.20.13:048][  0]LogInit: Selected Device Profile: [Windows]
[2019.05.04-20.20.13:355][  0]LogMeshReduction: Using QuadricMeshReduction for automatic static mesh reduction
[2019.05.04-20.20.13:355][  0]LogMeshReduction: Using SimplygonMeshReduction for automatic skeletal mesh reduction
[2019.05.04-20.20.13:355][  0]LogMeshReduction: Using ProxyLODMeshReduction for automatic mesh merging
[2019.05.04-20.20.13:355][  0]LogMeshReduction: No distributed automatic mesh merging module available
[2019.05.04-20.20.13:355][  0]LogMeshMerging: No distributed automatic mesh merging module available
[2019.05.04-20.20.13:392][  0]LogNetVersion: csci4611landscape 1.0.0, NetCL: 5660361, EngineNetVer: 10, GameNetVer: 0 (Checksum: 572804830)
[2019.05.04-20.20.14:685][  0]LogPackageLocalizationCache: Processed 10 localized package path(s) for 1 prioritized culture(s) in 0.276278 seconds
[2019.05.04-20.20.14:692][  0]LogUObjectArray: 42205 objects as part of root set at end of initial load.
[2019.05.04-20.20.14:692][  0]LogUObjectAllocator: 7325032 out of 0 bytes used by permanent object pool.
[2019.05.04-20.20.14:692][  0]LogUObjectArray: CloseDisregardForGC: 0/0 objects in disregard for GC pool
[2019.05.04-20.20.18:089][  0]LogTcpMessaging: Initializing TcpMessaging bridge
[2019.05.04-20.20.18:103][  0]LogUdpMessaging: Initializing bridge on interface 0.0.0.0:0 to multicast group 230.0.0.1:6666.
[2019.05.04-20.20.18:104][  0]LogDirectoryWatcher: A directory notification failed for 'Y:/CSCI 4611/csci4611-landscape/csci4611landscape/Content/' because it was empty or there was a buffer overflow. Attemping another request...
[2019.05.04-20.20.18:104][  0]LogDirectoryWatcher: A directory notification failed for 'Y:/CSCI 4611/csci4611-landscape/csci4611landscape/Content/' because it was empty or there was a buffer overflow. Attemping another request...
[2019.05.04-20.20.18:280][  0]SourceControl: Source control is disabled
[2019.05.04-20.20.18:280][  0]SourceControl: Source control is disabled
[2019.05.04-20.20.18:283][  0]SourceControl: Source control is disabled
[2019.05.04-20.20.18:284][  0]SourceControl: Source control is disabled
[2019.05.04-20.20.18:471][  0]LogAndroidPermission: UAndroidPermissionCallbackProxy::GetInstance
[2019.05.04-20.20.18:616][  0]LogOcInput: OculusInput pre-init called
[2019.05.04-20.20.19:597][  0]LogEngine: Initializing Engine...
[2019.05.04-20.20.19:598][  0]LogHMD: Failed to initialize OpenVR with code 110
[2019.05.04-20.20.19:601][  0]LogStats: UGameplayTagsManager::InitializeManager -  0.002 s
[2019.05.04-20.20.20:018][  0]LogInit: Initializing FReadOnlyCVARCache
[2019.05.04-20.20.20:045][  0]LogAIModule: Creating AISystem for world Untitled
[2019.05.04-20.20.20:065][  0]LogInit: XAudio2 using 'Speakers / Headphones (Realtek High Definition Audio)' : 2 channels at 48 kHz using 32 bits per sample (channel mask 0x3)
[2019.05.04-20.20.20:250][  0]LogInit: FAudioDevice initialized.
[2019.05.04-20.20.20:251][  0]LogNetVersion: Set ProjectVersion to 1.0.0.0. Version Checksum will be recalculated on next use.
[2019.05.04-20.20.20:349][  0]LogDerivedDataCache: Saved boot cache 0.10s 74MB C:/Users/bestx104/AppData/Local/UnrealEngine/4.22/DerivedDataCache/Boot.ddc.
[2019.05.04-20.20.20:372][  0]LogInit: Texture streaming: Enabled
[2019.05.04-20.20.20:407][  0]LogEngineSessionManager: EngineSessionManager initialized
[2019.05.04-20.20.20:458][  0]LogInit: Transaction tracking system initialized
[2019.05.04-20.20.20:513][  0]BlueprintLog: New page: Editor Load
[2019.05.04-20.20.20:712][  0]LocalizationService: Localization service is disabled
[2019.05.04-20.20.21:377][  0]LogCook: Display: Max memory allowance for cook 16384mb min free memory 0mb
[2019.05.04-20.20.21:377][  0]LogCook: Display: Mobile HDR setting 1
[2019.05.04-20.20.21:840][  0]LogFileCache: Scanning file cache for directory 'Y:/CSCI 4611/csci4611-landscape/csci4611landscape/Content/' took 0.07s
[2019.05.04-20.20.21:840][  0]SourceControl: Source control is disabled
[2019.05.04-20.20.21:840][  0]Cmd: MAP LOAD FILE="Y:/CSCI 4611/csci4611-landscape/csci4611landscape/Content/FirstPersonBP/Maps/FirstPersonExampleMap.umap" TEMPLATE=0 SHOWPROGRESS=1 FEATURELEVEL=3
[2019.05.04-20.20.21:841][  0]LightingResults: New page: Lighting Build
[2019.05.04-20.20.21:847][  0]MapCheck: New page: Map Check
[2019.05.04-20.20.21:847][  0]LightingResults: New page: Lighting Build
[2019.05.04-20.20.21:904][  0]LogUObjectHash: Compacting FUObjectHashTables data took   1.90ms
[2019.05.04-20.20.22:944][  0]LogTexture: Display: Building textures: HQ_Lightmap1_5 (AutoDXT, 64X64)
[2019.05.04-20.20.22:944][  0]LogTexture: Display: Building textures: LQ_Lightmap_1_5 (DXT1, 64X64)
[2019.05.04-20.20.22:944][  0]LogTexture: Display: Building textures: SkyOcclusion1_5 (AutoDXT, 64X32)
[2019.05.04-20.20.22:944][  0]LogTexture: Display: Building textures: ShadowMapTexture2D_15 (G8, 32X32)
[2019.05.04-20.20.22:944][  0]LogTexture: Display: Building textures: ShadowMapTexture2D_12 (G8, 1024X1024)
[2019.05.04-20.20.22:945][  0]LogTexture: Display: Building textures: ShadowMapTexture2D_11 (G8, 1024X1024)
[2019.05.04-20.20.22:945][  0]LogTexture: Display: Building textures: ShadowMapTexture2D_10 (G8, 1024X1024)
[2019.05.04-20.20.22:945][  0]LogTexture: Display: Building textures: ShadowMapTexture2D_9 (G8, 1024X1024)
[2019.05.04-20.20.22:945][  0]LogTexture: Display: Building textures: SkyOcclusion1_1 (AutoDXT, 2048X1024)
[2019.05.04-20.20.22:945][  0]LogTexture: Display: Building textures: ShadowMapTexture2D_14 (G8, 1024X1024)
[2019.05.04-20.20.22:945][  0]LogTexture: Display: Building textures: ShadowMapTexture2D_8 (G8, 1024X1024)
[2019.05.04-20.20.22:945][  0]LogTexture: Display: Building textures: ShadowMapTexture2D_13 (G8, 1024X1024)
[2019.05.04-20.20.22:945][  0]LogTexture: Display: Building textures: SkyOcclusion1_4 (AutoDXT, 2048X1024)
[2019.05.04-20.20.22:945][  0]LogTexture: Display: Building textures: SkyOcclusion1_2 (AutoDXT, 2048X1024)
[2019.05.04-20.20.22:945][  0]LogTexture: Display: Building textures: SkyOcclusion1_3 (AutoDXT, 2048X1024)
[2019.05.04-20.20.22:945][  0]LogTexture: Display: Building textures: LQ_Lightmap_1_2 (DXT1, 2048X2048)
[2019.05.04-20.20.22:945][  0]LogTexture: Display: Building textures: LQ_Lightmap_1_1 (DXT1, 2048X2048)
[2019.05.04-20.20.22:945][  0]LogTexture: Display: Building textures: LQ_Lightmap_1_4 (DXT1, 2048X2048)
[2019.05.04-20.20.22:945][  0]LogTexture: Display: Building textures: HQ_Lightmap1_1 (AutoDXT, 2048X2048)
[2019.05.04-20.20.22:945][  0]LogTexture: Display: Building textures: HQ_Lightmap1_2 (AutoDXT, 2048X2048)
[2019.05.04-20.20.22:945][  0]LogTexture: Display: Building textures: HQ_Lightmap1_4 (AutoDXT, 2048X2048)
[2019.05.04-20.20.22:945][  0]LogTexture: Display: Building textures: LQ_Lightmap_1_3 (DXT1, 2048X2048)
[2019.05.04-20.20.22:945][  0]LogTexture: Display: Building textures: HQ_Lightmap1_3 (AutoDXT, 2048X2048)
[2019.05.04-20.20.23:646][  0]LogAIModule: Creating AISystem for world FirstPersonExampleMap
[2019.05.04-20.20.23:701][  0]LogEditorServer: Finished looking for orphan Actors (0.000 secs)
[2019.05.04-20.20.23:751][  0]LogUObjectHash: Compacting FUObjectHashTables data took   2.45ms
[2019.05.04-20.20.23:751][  0]Cmd: MAP CHECKDEP NOCLEARLOG
[2019.05.04-20.20.23:751][  0]MapCheck: Map check complete: 0 Error(s), 0 Warning(s), took 0.287ms to complete.
[2019.05.04-20.20.23:751][  0]LogFileHelpers: Loading map 'FirstPersonExampleMap' took 1.912
[2019.05.04-20.20.23:908][  0]LogSlate: Updating window title bar state: overlay mode, drag disabled, window buttons hidden, title bar hidden
[2019.05.04-20.20.23:916][  0]LogSlate: Updating window title bar state: overlay mode, drag disabled, window buttons hidden, title bar hidden
[2019.05.04-20.20.23:924][  0]LogSlate: Updating window title bar state: overlay mode, drag disabled, window buttons hidden, title bar hidden
[2019.05.04-20.20.23:933][  0]LogSlate: Updating window title bar state: overlay mode, drag disabled, window buttons hidden, title bar hidden
[2019.05.04-20.20.23:952][  0]LogCollectionManager: Loaded 0 collections in 0.006284 seconds
[2019.05.04-20.20.24:015][  0]LogFileCache: Scanning file cache for directory 'Y:/CSCI 4611/csci4611-landscape/csci4611landscape/Saved/Collections/' took 0.02s
[2019.05.04-20.20.24:015][  0]LogFileCache: Scanning file cache for directory 'Y:/CSCI 4611/csci4611-landscape/csci4611landscape/Content/Developers/bestx104/Collections/' took 0.01s
[2019.05.04-20.20.24:015][  0]LogFileCache: Scanning file cache for directory 'Y:/CSCI 4611/csci4611-landscape/csci4611landscape/Content/Collections/' took 0.01s
[2019.05.04-20.20.24:015][  0]LogCollectionManager: Rebuilt the GUID cache for 0 collections in 0.000000 seconds
[2019.05.04-20.20.24:026][  0]LogContentBrowser: Native class hierarchy populated in 0.0100 seconds. Added 2732 classes and 659 folders.
[2019.05.04-20.20.24:039][  0]LogContentBrowser: Native class hierarchy updated for 'WidgetCarousel' in 0.0003 seconds. Added 0 classes and 0 folders.
[2019.05.04-20.20.24:052][  0]LogPakFile: Registered encryption key '00000000000000000000000000000000': 0 pak files mounted, 0 remain pending
[2019.05.04-20.20.24:065][  0]LogPakFile: Registered encryption key '00000000000000000000000000000000': 0 pak files mounted, 0 remain pending
[2019.05.04-20.20.24:084][  0]LogPakFile: Registered encryption key '00000000000000000000000000000000': 0 pak files mounted, 0 remain pending
[2019.05.04-20.20.24:088][  0]LogPakFile: Registered encryption key '00000000000000000000000000000000': 0 pak files mounted, 0 remain pending
[2019.05.04-20.20.24:093][  0]LogPakFile: Registered encryption key '00000000000000000000000000000000': 0 pak files mounted, 0 remain pending
[2019.05.04-20.20.24:097][  0]LogPakFile: Registered encryption key '00000000000000000000000000000000': 0 pak files mounted, 0 remain pending
[2019.05.04-20.20.24:103][  0]LogPakFile: Registered encryption key '00000000000000000000000000000000': 0 pak files mounted, 0 remain pending
[2019.05.04-20.20.24:110][  0]LogPakFile: Registered encryption key '00000000000000000000000000000000': 0 pak files mounted, 0 remain pending
[2019.05.04-20.20.24:115][  0]LogPakFile: Registered encryption key '00000000000000000000000000000000': 0 pak files mounted, 0 remain pending
[2019.05.04-20.20.24:120][  0]LogPakFile: Registered encryption key '00000000000000000000000000000000': 0 pak files mounted, 0 remain pending
[2019.05.04-20.20.24:125][  0]LogPakFile: Registered encryption key '00000000000000000000000000000000': 0 pak files mounted, 0 remain pending
[2019.05.04-20.20.24:129][  0]LogPakFile: Registered encryption key '00000000000000000000000000000000': 0 pak files mounted, 0 remain pending
[2019.05.04-20.20.24:134][  0]LogPakFile: Registered encryption key '00000000000000000000000000000000': 0 pak files mounted, 0 remain pending
[2019.05.04-20.20.24:139][  0]LogPakFile: Registered encryption key '00000000000000000000000000000000': 0 pak files mounted, 0 remain pending
[2019.05.04-20.20.24:144][  0]LogPakFile: Registered encryption key '00000000000000000000000000000000': 0 pak files mounted, 0 remain pending
[2019.05.04-20.20.24:148][  0]LogPakFile: Registered encryption key '00000000000000000000000000000000': 0 pak files mounted, 0 remain pending
[2019.05.04-20.20.24:180][  0]LogPakFile: Registered encryption key '00000000000000000000000000000000': 0 pak files mounted, 0 remain pending
[2019.05.04-20.20.24:185][  0]LogPakFile: Registered encryption key '00000000000000000000000000000000': 0 pak files mounted, 0 remain pending
[2019.05.04-20.20.24:194][  0]LogPakFile: Registered encryption key '00000000000000000000000000000000': 0 pak files mounted, 0 remain pending
[2019.05.04-20.20.24:199][  0]LogPakFile: Registered encryption key '00000000000000000000000000000000': 0 pak files mounted, 0 remain pending
[2019.05.04-20.20.24:204][  0]LogPakFile: Registered encryption key '00000000000000000000000000000000': 0 pak files mounted, 0 remain pending
[2019.05.04-20.20.24:232][  0]LogPakFile: Registered encryption key '00000000000000000000000000000000': 0 pak files mounted, 0 remain pending
[2019.05.04-20.20.24:237][  0]LogPakFile: Registered encryption key '00000000000000000000000000000000': 0 pak files mounted, 0 remain pending
[2019.05.04-20.20.24:241][  0]LogPakFile: Registered encryption key '00000000000000000000000000000000': 0 pak files mounted, 0 remain pending
[2019.05.04-20.20.24:246][  0]LogPakFile: Registered encryption key '00000000000000000000000000000000': 0 pak files mounted, 0 remain pending
[2019.05.04-20.20.24:250][  0]LogPakFile: Registered encryption key '00000000000000000000000000000000': 0 pak files mounted, 0 remain pending
[2019.05.04-20.20.24:433][  0]LogContentBrowser: Native class hierarchy updated for 'AddContentDialog' in 0.0004 seconds. Added 0 classes and 0 folders.
[2019.05.04-20.20.24:445][  0]LogContentBrowser: Native class hierarchy updated for 'SceneOutliner' in 0.0003 seconds. Added 1 classes and 2 folders.
[2019.05.04-20.20.24:472][  0]LogSlate: Took 0.008162 seconds to synchronously load lazily loaded font '../../../Engine/Content/Slate/Fonts/Roboto-Regular.ttf' (155K)
[2019.05.04-20.20.24:477][  0]LogSlate: Took 0.003589 seconds to synchronously load lazily loaded font '../../../Engine/Content/Slate/Fonts/Roboto-Bold.ttf' (160K)
[2019.05.04-20.20.24:486][  0]LogSlate: Took 0.004042 seconds to synchronously load lazily loaded font '../../../Engine/Content/Editor/Slate/Fonts/FontAwesome.ttf' (139K)
[2019.05.04-20.20.24:612][  0]LogRenderer: Reallocating scene render targets to support 2172x808 Format 10 NumSamples 1 (Frame:1).
[2019.05.04-20.20.24:808][  0]LogContentBrowser: Native class hierarchy updated for 'HierarchicalLODOutliner' in 0.0004 seconds. Added 0 classes and 0 folders.
[2019.05.04-20.20.24:808][  0]LogLoad: (Engine Initialization) Total time: 27.14 seconds
[2019.05.04-20.20.24:808][  0]LogLoad: (Engine Initialization) Total Blueprint compile time: 0.00 seconds
[2019.05.04-20.20.24:845][  0]LogAssetRegistry: Asset discovery search completed in 12.2779 seconds
[2019.05.04-20.20.24:847][  0]LogCollectionManager: Rebuilt the object cache for 0 collections in 0.000000 seconds (found 0 objects)
[2019.05.04-20.20.24:847][  0]LogCollectionManager: Fixed up redirectors for 0 collections in 0.000040 seconds (updated 0 objects)
[2019.05.04-20.20.24:848][  0]LogDirectoryWatcher: A directory notification failed for 'Y:/CSCI 4611/csci4611-landscape/csci4611landscape/Content/' because it was empty or there was a buffer overflow. Attemping another request...
[2019.05.04-20.20.24:848][  0]LogDirectoryWatcher: A directory notification failed for 'Y:/CSCI 4611/csci4611-landscape/csci4611landscape/Content/', and we were unable to create a new request.
[2019.05.04-20.20.24:848][  0]LogDirectoryWatcher: A directory notification failed for 'Y:/CSCI 4611/csci4611-landscape/csci4611landscape/Content/' because it was empty or there was a buffer overflow. Attemping another request...
[2019.05.04-20.20.24:849][  0]LogDirectoryWatcher: A directory notification failed for 'Y:/CSCI 4611/csci4611-landscape/csci4611landscape/Content/', and we were unable to create a new request.
[2019.05.04-20.20.24:849][  0]LogDirectoryWatcher: A directory notification failed for 'Y:/CSCI 4611/csci4611-landscape/csci4611landscape/Saved/Collections/' because it was empty or there was a buffer overflow. Attemping another request...
[2019.05.04-20.20.24:849][  0]LogDirectoryWatcher: A directory notification failed for 'Y:/CSCI 4611/csci4611-landscape/csci4611landscape/Content/Developers/bestx104/Collections/' because it was empty or there was a buffer overflow. Attemping another request...
[2019.05.04-20.20.24:849][  0]LogDirectoryWatcher: A directory notification failed for 'Y:/CSCI 4611/csci4611-landscape/csci4611landscape/Content/Collections/' because it was empty or there was a buffer overflow. Attemping another request...
[2019.05.04-20.20.24:850][  0]LogContentStreaming: Texture pool size now 1000 MB
[2019.05.04-20.20.24:887][  1]LogDirectoryWatcher: A directory notification failed for 'Y:/CSCI 4611/csci4611-landscape/csci4611landscape/Saved/Collections/' because it was empty or there was a buffer overflow. Attemping another request...
[2019.05.04-20.20.24:888][  1]LogDirectoryWatcher: A directory notification failed for 'Y:/CSCI 4611/csci4611-landscape/csci4611landscape/Saved/Collections/', and we were unable to create a new request.
[2019.05.04-20.20.24:888][  1]LogDirectoryWatcher: A directory notification failed for 'Y:/CSCI 4611/csci4611-landscape/csci4611landscape/Content/Developers/bestx104/Collections/' because it was empty or there was a buffer overflow. Attemping another request...
[2019.05.04-20.20.24:888][  1]LogDirectoryWatcher: A directory notification failed for 'Y:/CSCI 4611/csci4611-landscape/csci4611landscape/Content/Developers/bestx104/Collections/', and we were unable to create a new request.
[2019.05.04-20.20.24:888][  1]LogDirectoryWatcher: A directory notification failed for 'Y:/CSCI 4611/csci4611-landscape/csci4611landscape/Content/Collections/' because it was empty or there was a buffer overflow. Attemping another request...
[2019.05.04-20.20.24:889][  1]LogDirectoryWatcher: A directory notification failed for 'Y:/CSCI 4611/csci4611-landscape/csci4611landscape/Content/Collections/', and we were unable to create a new request.
[2019.05.04-20.20.26:941][234]LogSlate: FSceneViewport::OnFocusLost() reason 2
[2019.05.04-20.20.27:958][356]LogSlate: FSceneViewport::OnFocusLost() reason 2
[2019.05.04-20.20.30:482][657]LogWindows: Warning: CreateProc failed: The system cannot find the file specified. (0x00000002)
[2019.05.04-20.20.30:482][657]LogWindows: Warning: URL: C:/Program Files/Git/bin/git.exe version
[2019.05.04-20.20.30:482][657]LogWindows: Warning: CreateProc failed: The system cannot find the file specified. (0x00000002)
[2019.05.04-20.20.30:482][657]LogWindows: Warning: URL: C:/Program Files (x86)/Git/bin/git.exe version
[2019.05.04-20.20.46:060][293]LogSlate: Window 'Source Control Login' being destroyed
[2019.05.04-20.20.49:010][645]LogSlate: FSceneViewport::OnFocusLost() reason 2
[2019.05.04-20.20.56:263][515]LogEditorViewport: Clicking on Actor (LMB): StaticMeshActor (EditorCube8)
[2019.05.04-20.21.00:357][971]LogEditorViewport: Clicking on Actor (LMB): StaticMeshActor (BigWall2)
[2019.05.04-20.21.04:845][481]LogSlate: FSceneViewport::OnFocusLost() reason 0
[2019.05.04-20.21.05:093][491]LogSlate: Took 0.009318 seconds to synchronously load lazily loaded font '../../../Engine/Content/Slate/Fonts/Roboto-Light.ttf' (167K)
[2019.05.04-20.21.05:101][491]LogSlate: FSceneViewport::OnFocusLost() reason 2
[2019.05.04-20.21.05:189][491]LogUObjectHash: Compacting FUObjectHashTables data took   0.84ms
[2019.05.04-20.21.06:224][491]LogSavePackage: Moving 'Y:/CSCI 4611/csci4611-landscape/csci4611landscape/Saved/FirstPersonExampleMapC6EC150C4BF1F907327661AD1C79A0DD.tmp' to 'Y:/CSCI 4611/csci4611-landscape/csci4611landscape/Content/FirstPersonBP/Maps/FirstPersonExampleMap.umap'
[2019.05.04-20.21.08:811][491]LogSavePackage: Moving 'Y:/CSCI 4611/csci4611-landscape/csci4611landscape/Saved/FirstPersonExampleMap_BuiltDataFCAED6514E256BEE11EA9985CABA2A65.tmp' to 'Y:/CSCI 4611/csci4611-landscape/csci4611landscape/Content/FirstPersonBP/Maps/FirstPersonExampleMap_BuiltData.uasset'
[2019.05.04-20.21.12:439][901]SourceControl: fatal: C:/Program Files/Epic Games/UE_4.22/Engine/Content: 'C:/Program Files/Epic Games/UE_4.22/Engine/Content' is outside repository
[2019.05.04-20.21.24:982][901]LogSlate: Window 'Submit Files' being destroyed
[2019.05.04-20.21.29:413][901]LogSourceControl: commit successful: [master 18fc1a9] test move box
[2019.05.04-20.21.29:597][901]SourceControl: [master 18fc1a9] test move box
[2019.05.04-20.21.29:597][901]SourceControl:  Committer: James A Best <bestx104@ad.umn.edu>
[2019.05.04-20.21.29:597][901]SourceControl: Your name and email address were configured automatically based
[2019.05.04-20.21.29:597][901]SourceControl: on your username and hostname. Please check that they are accurate.
[2019.05.04-20.21.29:597][901]SourceControl: You can suppress this message by setting them explicitly. Run the
[2019.05.04-20.21.29:597][901]SourceControl: following command and follow the instructions in your editor to edit
[2019.05.04-20.21.29:597][901]SourceControl: your configuration file:
[2019.05.04-20.21.29:597][901]SourceControl:     git config --global --edit
[2019.05.04-20.21.29:597][901]SourceControl: After doing this, you may fix the identity used for this commit with:
[2019.05.04-20.21.29:597][901]SourceControl:     git commit --amend --reset-author
[2019.05.04-20.21.29:597][901]SourceControl:  2 files changed, 0 insertions(+), 0 deletions(-)
[2019.05.04-20.21.29:608][901]SourceControl: Commited [master 18fc1a9] test move box.
[2019.05.04-20.22.37:278][ 67]LogSlate: Window 'Source Control Login' being destroyed
[2019.05.04-20.22.54:471][ 71]LogSlate: Window 'Source Control Login' being destroyed
